<?xml version="1.0" encoding="UTF-8"?>
<!-- Generated by org.testng.reporters.JUnitReportReporter -->
<testsuite hostname="DESKTOP-HAIIK4K" failures="0" tests="1" name="testscript.HomeTest" time="18.048" errors="0" timestamp="2025-03-22T16:21:42 IST" skipped="0">
  <testcase classname="testscript.HomeTest" name="verifySuccessfulUserLogoutFromHomePageAfterLogin" time="18.048"/>
</testsuite> <!-- testscript.HomeTest -->
