<?xml version="1.0" encoding="UTF-8"?>
<!-- Generated by org.testng.reporters.JUnitReportReporter -->
<testsuite hostname="DESKTOP-HAIIK4K" failures="0" tests="1" name="testscript.LoginTest" time="39.031" errors="0" timestamp="2025-03-04T16:00:47 IST" skipped="0">
  <testcase classname="testscript.LoginTest" name="verifyUserLoginWithValidUsernameAndInvalidPassword" time="39.031"/>
  <system-out/>
</testsuite> <!-- testscript.LoginTest -->
