<?xml version="1.0" encoding="UTF-8"?>
<!-- Generated by org.testng.reporters.JUnitReportReporter -->
<testsuite hostname="DESKTOP-HAIIK4K" failures="0" tests="1" name="testscript.ManageNewsTest" time="48.005" errors="0" timestamp="2025-03-04T19:33:24 IST" skipped="0">
  <testcase classname="testscript.ManageNewsTest" name="verifyWhetherUserIsAbleToCreateNewNewsToTheManageNewsList" time="48.005"/>
  <system-out/>
</testsuite> <!-- testscript.ManageNewsTest -->
