<?xml version="1.0" encoding="UTF-8"?>
<!-- Generated by org.testng.reporters.JUnitReportReporter -->
<testsuite hostname="DESKTOP-HAIIK4K" failures="0" tests="1" name="testscript.AdminUsersTest" time="30.925" errors="0" timestamp="2025-02-24T16:12:21 IST" skipped="0">
  <testcase classname="testscript.AdminUsersTest" name="verifyResetButton" time="30.925"/>
  <system-out/>
</testsuite> <!-- testscript.AdminUsersTest -->
