<?xml version="1.0" encoding="UTF-8"?>
<!-- Generated by org.testng.reporters.JUnitReportReporter -->
<testsuite hostname="DESKTOP-HAIIK4K" failures="0" tests="4" name="testscript.LoginTest" time="56.367" errors="0" timestamp="2025-03-21T13:43:47 IST" skipped="0">
  <testcase classname="testscript.LoginTest" name="verifyUserLoginWithInvalidUsernameAndInvalidPassword" time="13.851"/>
  <testcase classname="testscript.LoginTest" name="verifyUserLoginWithInvalidUsernameAndInvalidPassword" time="11.441"/>
  <testcase classname="testscript.LoginTest" name="verifyUserLoginWithInvalidUsernameAndInvalidPassword" time="15.184"/>
  <testcase classname="testscript.LoginTest" name="verifyUserLoginWithInvalidUsernameAndInvalidPassword" time="15.891"/>
</testsuite> <!-- testscript.LoginTest -->
