<?xml version="1.0" encoding="UTF-8"?>
<!-- Generated by org.testng.reporters.JUnitReportReporter -->
<testsuite hostname="DESKTOP-HAIIK4K" failures="0" tests="1" name="testscript.LoginTest" time="23.765" errors="0" timestamp="2025-03-14T15:38:25 IST" skipped="0">
  <testcase classname="testscript.LoginTest" name="verifyUserLoginWithValidUsernameAndValidPassword" time="23.765"/>
</testsuite> <!-- testscript.LoginTest -->
