<?xml version="1.0" encoding="UTF-8"?>
<!-- Generated by org.testng.reporters.JUnitReportReporter -->
<testsuite hostname="DESKTOP-HAIIK4K" failures="0" tests="1" name="testscript.SubCategoryTest" time="15.877" errors="0" timestamp="2025-02-25T14:57:01 IST" skipped="0">
  <testcase classname="testscript.SubCategoryTest" name="verifyAddNewItemToSubCategory" time="15.877"/>
  <system-out/>
</testsuite> <!-- testscript.SubCategoryTest -->
