<?xml version="1.0" encoding="UTF-8"?>
<!-- Generated by org.testng.reporters.JUnitReportReporter -->
<testsuite hostname="DESKTOP-HAIIK4K" failures="0" tests="3" name="testscript.ManageNewsTest" time="102.688" errors="0" timestamp="2025-03-18T15:25:53 IST" skipped="0">
  <testcase classname="testscript.ManageNewsTest" name="verifyWhetherUserIsAbleToCreateNewNewsToTheManageNewsList" time="29.817"/>
  <testcase classname="testscript.ManageNewsTest" name="verifyWhetherUserIsAbleToSearchNewsFromManageNewsList" time="55.728"/>
  <testcase classname="testscript.ManageNewsTest" name="verifyWhetherUserIsAbleToRefreshManageNewsPageUsingResetButton" time="17.143"/>
</testsuite> <!-- testscript.ManageNewsTest -->
