<?xml version="1.0" encoding="UTF-8"?>
<!-- Generated by org.testng.reporters.JUnitReportReporter -->
<testsuite hostname="DESKTOP-HAIIK4K" failures="0" tests="3" name="testscript.SubCategoryTest" time="223.823" errors="0" timestamp="2025-03-06T15:17:01 IST" skipped="0">
  <testcase classname="testscript.SubCategoryTest" name="verifywhetherUserIsAbleToAddNewItemToTheSubCategoryList" time="73.854"/>
  <system-out/>
  <testcase classname="testscript.SubCategoryTest" name="verifyWhetherUserIsAbleToSearchItemsFromSubCategoryList" time="83.549"/>
  <system-out/>
  <testcase classname="testscript.SubCategoryTest" name="verifyWhtherUserIsAbleToRefreshPageUsingResetButton" time="66.420"/>
  <system-out/>
</testsuite> <!-- testscript.SubCategoryTest -->
