<?xml version="1.0" encoding="UTF-8"?>
<!-- Generated by org.testng.reporters.JUnitReportReporter -->
<testsuite hostname="DESKTOP-HAIIK4K" failures="0" tests="3" name="testscript.AdminUsersTest" time="328.017" errors="0" timestamp="2025-03-14T15:42:06 IST" skipped="0">
  <testcase classname="testscript.AdminUsersTest" name="verifyWhetherUserIsAbleToAddNewUserToTheUsersList" time="169.007"/>
  <testcase classname="testscript.AdminUsersTest" name="verifyWhetherUserIsAbleToAddNewUserToTheUsersList" time="130.891"/>
  <testcase classname="testscript.AdminUsersTest" name="verifyWhetherUserIsAbleToAddNewUserToTheUsersList" time="28.119"/>
</testsuite> <!-- testscript.AdminUsersTest -->
