<?xml version="1.0" encoding="UTF-8"?>
<!-- Generated by org.testng.reporters.JUnitReportReporter -->
<testsuite hostname="DESKTOP-HAIIK4K" failures="0" tests="1" name="testscript.ManageNewsTest" time="18.868" errors="0" timestamp="2025-02-24T20:29:25 IST" skipped="0">
  <testcase classname="testscript.ManageNewsTest" name="verifyResetManageNews" time="18.868"/>
  <system-out/>
</testsuite> <!-- testscript.ManageNewsTest -->
