<?xml version="1.0" encoding="UTF-8"?>
<!-- Generated by org.testng.reporters.JUnitReportReporter -->
<testsuite hostname="DESKTOP-HAIIK4K" failures="0" tests="3" name="testscript.SubCategoryTest" time="113.360" errors="0" timestamp="2025-03-10T13:32:25 IST" skipped="0">
  <testcase classname="testscript.SubCategoryTest" name="verifywhetherUserIsAbleToAddNewItemToTheSubCategoryList" time="55.150"/>
  <system-out/>
  <testcase classname="testscript.SubCategoryTest" name="verifyWhetherUserIsAbleToSearchItemsFromSubCategoryList" time="38.531"/>
  <system-out/>
  <testcase classname="testscript.SubCategoryTest" name="verifyWhtherUserIsAbleToRefreshPageUsingResetButton" time="19.679"/>
  <system-out/>
</testsuite> <!-- testscript.SubCategoryTest -->
