<?xml version="1.0" encoding="UTF-8"?>
<!-- Generated by org.testng.reporters.JUnitReportReporter -->
<testsuite hostname="DESKTOP-HAIIK4K" failures="0" tests="1" name="testscript.AdminUsersTest" time="33.435" errors="0" timestamp="2025-03-05T13:44:17 IST" skipped="0">
  <testcase classname="testscript.AdminUsersTest" name="verifyWhetherUserIsAbleToAddNewUserToTheUsersList" time="33.435"/>
  <system-out/>
</testsuite> <!-- testscript.AdminUsersTest -->
