<?xml version="1.0" encoding="UTF-8"?>
<!-- Generated by org.testng.reporters.JUnitReportReporter -->
<testsuite hostname="DESKTOP-HAIIK4K" failures="0" tests="1" name="testscript.AdminUsersTest" time="14.971" errors="0" timestamp="2025-03-04T19:47:09 IST" skipped="0">
  <testcase classname="testscript.AdminUsersTest" name="verifyWhetherUserIsAbleToAddNewUserToTheUsersList" time="14.971"/>
  <system-out/>
</testsuite> <!-- testscript.AdminUsersTest -->
