<?xml version="1.0" encoding="UTF-8"?>
<!-- Generated by org.testng.reporters.JUnitReportReporter -->
<testsuite hostname="DESKTOP-HAIIK4K" failures="0" tests="1" name="testscript.HomeTest" time="34.665" errors="0" timestamp="2025-02-25T13:02:24 IST" skipped="0">
  <testcase classname="testscript.HomeTest" name="verifyUserLogoutFromPage" time="34.665"/>
  <system-out/>
</testsuite> <!-- testscript.HomeTest -->
