<?xml version="1.0" encoding="UTF-8"?>
<!-- Generated by org.testng.reporters.JUnitReportReporter -->
<testsuite hostname="DESKTOP-HAIIK4K" failures="0" tests="2" name="testscript.LoginTest" time="69.404" errors="0" timestamp="2025-03-11T15:51:21 IST" skipped="0">
  <testcase classname="testscript.LoginTest" name="verifyUserLoginWithValidUsernameAndValidPassword" time="48.490"/>
  <testcase classname="testscript.LoginTest" name="verifyUserLoginWithValidUsernameAndInvalidPassword" time="20.914"/>
</testsuite> <!-- testscript.LoginTest -->
