<?xml version="1.0" encoding="UTF-8"?>
<!-- Generated by org.testng.reporters.JUnitReportReporter -->
<testsuite hostname="DESKTOP-HAIIK4K" failures="0" tests="1" name="testscript.HomeTest" time="50.689" errors="0" timestamp="2025-03-20T14:31:57 IST" skipped="0">
  <testcase classname="testscript.HomeTest" name="verifySuccessfulUserLogoutFromHomePageAfterLogin" time="50.689"/>
</testsuite> <!-- testscript.HomeTest -->
