<?xml version="1.0" encoding="UTF-8"?>
<!-- Generated by org.testng.reporters.JUnitReportReporter -->
<testsuite hostname="DESKTOP-HAIIK4K" failures="0" tests="1" name="testscript.SubCategoryTest" time="23.133" errors="0" timestamp="2025-03-19T15:38:28 IST" skipped="0">
  <testcase classname="testscript.SubCategoryTest" name="verifyWhetherUserIsAbleToSearchItemsFromSubCategoryList" time="23.133"/>
</testsuite> <!-- testscript.SubCategoryTest -->
