<?xml version="1.0" encoding="UTF-8"?>
<!-- Generated by org.testng.reporters.JUnitReportReporter -->
<testsuite hostname="DESKTOP-HAIIK4K" failures="0" tests="1" name="testscript.SubCategoryTest" time="18.482" errors="0" timestamp="2025-03-04T19:36:24 IST" skipped="0">
  <testcase classname="testscript.SubCategoryTest" name="verifywhetherUserIsAbleToAddNewItemToTheSubCategoryList" time="18.482"/>
  <system-out/>
</testsuite> <!-- testscript.SubCategoryTest -->
