<?xml version="1.0" encoding="UTF-8"?>
<!-- Generated by org.testng.reporters.JUnitReportReporter -->
<testsuite hostname="DESKTOP-HAIIK4K" failures="0" tests="1" name="testscript.HomeTest" time="27.241" errors="0" timestamp="2025-03-03T19:12:21 IST" skipped="0">
  <testcase classname="testscript.HomeTest" name="verifySuccessfulUserLogoutFromHomePageAfterLogin" time="27.241"/>
  <system-out/>
</testsuite> <!-- testscript.HomeTest -->
